<?xml version="1.0" encoding="UTF-8"?>
<!-- Generated by org.testng.reporters.JUnitReportReporter -->
<testsuite hostname="NIMIK" failures="0" tests="8" name="ui.DataProviderTest" time="0.071" errors="0" timestamp="2024-06-29T22:30:17 EDT" skipped="0">
  <testcase classname="ui.DataProviderTest" name="test" time="0.006"/>
  <system-out/>
  <testcase classname="ui.DataProviderTest" name="test" time="0.034"/>
  <system-out/>
  <testcase classname="ui.DataProviderTest" name="test" time="0.005"/>
  <system-out/>
  <testcase classname="ui.DataProviderTest" name="test" time="0.004"/>
  <system-out/>
  <testcase classname="ui.DataProviderTest" name="test" time="0.004"/>
  <system-out/>
  <testcase classname="ui.DataProviderTest" name="test" time="0.007"/>
  <system-out/>
  <testcase classname="ui.DataProviderTest" name="test" time="0.006"/>
  <system-out/>
  <testcase classname="ui.DataProviderTest" name="test" time="0.005"/>
  <system-out/>
</testsuite> <!-- ui.DataProviderTest -->
