<?xml version="1.0" encoding="UTF-8"?>
<!-- Generated by org.testng.reporters.JUnitReportReporter -->
<testsuite hostname="NIMIK" failures="0" tests="3" name="ui.SkipTest" time="0.013" errors="0" timestamp="2024-07-02T12:27:57 EDT" skipped="3">
  <testcase classname="ui.SkipTest" name="skipTest2" time="0.006">
    <skipped/>
  </testcase> <!-- skipTest2 -->
  <system-out/>
  <testcase classname="ui.SkipTest" name="skipTest3" time="0.007">
    <skipped/>
  </testcase> <!-- skipTest3 -->
  <system-out/>
  <testcase classname="ui.SkipTest" name="skipTest1">
    <skipped/>
  </testcase> <!-- skipTest1 -->
  <system-out/>
</testsuite> <!-- ui.SkipTest -->
