<?xml version="1.0" encoding="UTF-8"?>
<!-- Generated by org.testng.reporters.JUnitReportReporter -->
<testsuite hostname="NIMIK" failures="0" tests="6" name="ui.Testing1" time="0.007" errors="0" timestamp="05 Jul. 2024 02:05:34 GMT" skipped="0">
  <testcase classname="ui.Testing1" name="abc" time="0.002"/>
  <testcase classname="ui.Testing1" name="test1" time="0.000"/>
  <testcase classname="ui.Testing1" name="test3" time="0.001"/>
  <testcase classname="ui.Testing1" name="test2" time="0.002"/>
  <testcase classname="ui.Testing1" name="abc" time="0.001"/>
  <testcase classname="ui.Testing1" name="abc" time="0.001"/>
</testsuite> <!-- ui.Testing1 -->
