<?xml version="1.0" encoding="UTF-8"?>
<!-- Generated by org.testng.reporters.JUnitReportReporter -->
<testsuite hostname="NIMIK" failures="0" tests="1" name="ui.DataProviderDemo" time="0.000" errors="0" timestamp="2024-06-30T21:53:12 EDT" skipped="1">
  <testcase classname="ui.DataProviderDemo" name="test" time="0.000">
    <skipped/>
  </testcase> <!-- test -->
  <system-out/>
</testsuite> <!-- ui.DataProviderDemo -->
