<?xml version="1.0" encoding="UTF-8"?>
<!-- Generated by org.testng.reporters.JUnitReportReporter -->
<testsuite hostname="NIMIK" failures="0" tests="3" name="ui.GroupTest" time="0.040" errors="0" timestamp="2024-07-02T12:28:59 EDT" skipped="0">
  <testcase classname="ui.GroupTest" name="aTest1" time="0.025"/>
  <system-out/>
  <testcase classname="ui.GroupTest" name="bTest2" time="0.008"/>
  <system-out/>
  <testcase classname="ui.GroupTest" name="bTest3" time="0.007"/>
  <system-out/>
</testsuite> <!-- ui.GroupTest -->
