<?xml version="1.0" encoding="UTF-8"?>
<!-- Generated by org.testng.reporters.JUnitReportReporter -->
<testsuite hostname="NIMIK" failures="0" tests="1" name="ui.VerifyTheTitle" time="25.378" errors="0" timestamp="2024-06-29T07:36:43 EDT" skipped="0">
  <testcase classname="ui.VerifyTheTitle" name="titleTest" time="25.378"/>
  <system-out/>
</testsuite> <!-- ui.VerifyTheTitle -->
