<?xml version="1.0" encoding="UTF-8"?>
<!-- Generated by org.testng.reporters.JUnitReportReporter -->
<testsuite hostname="NIMIK" failures="0" tests="2" name="ui.Testing2" time="0.001" errors="0" timestamp="05 Jul. 2024 02:05:34 GMT" skipped="0">
  <testcase classname="ui.Testing2" name="test5" time="0.001"/>
  <testcase classname="ui.Testing2" name="test4" time="0.000"/>
</testsuite> <!-- ui.Testing2 -->
