<?xml version="1.0" encoding="UTF-8"?>
<!-- Generated by org.testng.reporters.JUnitReportReporter -->
<testsuite hostname="NIMIK" failures="0" tests="2" name="ui.LoginTest" time="0.016" errors="0" timestamp="2024-07-02T12:28:59 EDT" skipped="0">
  <testcase classname="ui.LoginTest" name="loginTest" time="0.008"/>
  <system-out/>
  <testcase classname="ui.LoginTest" name="logoutTest" time="0.008"/>
  <system-out/>
</testsuite> <!-- ui.LoginTest -->
